<?xml version="1.0" encoding="UTF-8"?>
<testng-results skipped="0" failed="0" total="1" passed="1">
  <reporter-output>
    <line>
      <![CDATA[WebElement is present[[ChromeDriver: chrome on WINDOWS (565ac392d360bec22bbb4a4fce674d16)] -> xpath: //img[@alt='Faded Short Sleeve T-shirts']]]]>
    </line>
    <line>
      <![CDATA[WebElement is present[[ChromeDriver: chrome on WINDOWS (565ac392d360bec22bbb4a4fce674d16)] -> xpath: //img[@alt='Faded Short Sleeve T-shirts']]]]>
    </line>
    <line>
      <![CDATA[WebElement is present[[ChromeDriver: chrome on WINDOWS (565ac392d360bec22bbb4a4fce674d16)] -> xpath: //a[@class='account']]]]>
    </line>
    <line>
      <![CDATA[Title is matchingOrder - My Store]]>
    </line>
  </reporter-output>
  <suite name="Default suite" duration-ms="17957" started-at="2020-06-06T02:51:27Z" finished-at="2020-06-06T02:51:44Z">
    <groups>
    </groups>
    <test name="Default test" duration-ms="17957" started-at="2020-06-06T02:51:27Z" finished-at="2020-06-06T02:51:44Z">
      <class name="scripts.TestScripts">
        <test-method status="PASS" signature="precondition()[pri:0, instance:scripts.TestScripts@483bf400]" name="precondition" is-config="true" duration-ms="7087" started-at="2020-06-05T22:51:27Z" finished-at="2020-06-05T22:51:34Z">
          <reporter-output>
          </reporter-output>
        </test-method> <!-- precondition -->
        <test-method status="PASS" signature="SignInDuringCheckout()[pri:0, instance:scripts.TestScripts@483bf400]" name="SignInDuringCheckout" duration-ms="10736" started-at="2020-06-05T22:51:34Z" finished-at="2020-06-05T22:51:44Z">
          <reporter-output>
            <line>
              <![CDATA[WebElement is present[[ChromeDriver: chrome on WINDOWS (565ac392d360bec22bbb4a4fce674d16)] -> xpath: //img[@alt='Faded Short Sleeve T-shirts']]]]>
            </line>
            <line>
              <![CDATA[WebElement is present[[ChromeDriver: chrome on WINDOWS (565ac392d360bec22bbb4a4fce674d16)] -> xpath: //img[@alt='Faded Short Sleeve T-shirts']]]]>
            </line>
            <line>
              <![CDATA[WebElement is present[[ChromeDriver: chrome on WINDOWS (565ac392d360bec22bbb4a4fce674d16)] -> xpath: //a[@class='account']]]]>
            </line>
            <line>
              <![CDATA[Title is matchingOrder - My Store]]>
            </line>
          </reporter-output>
        </test-method> <!-- SignInDuringCheckout -->
        <test-method status="PASS" signature="postcondition()[pri:0, instance:scripts.TestScripts@483bf400]" name="postcondition" is-config="true" duration-ms="119" started-at="2020-06-05T22:51:44Z" finished-at="2020-06-05T22:51:44Z">
          <reporter-output>
          </reporter-output>
        </test-method> <!-- postcondition -->
      </class> <!-- scripts.TestScripts -->
    </test> <!-- Default test -->
  </suite> <!-- Default suite -->
</testng-results>
